This is pdfTeX, Version 3.141592653-2.6-1.40.25 (MiKTeX 24.1) (preloaded format=pdflatex 2024.3.13)  27 MAY 2024 11:27
entering extended mode
 restricted \write18 enabled.
 %&-line parsing enabled.
**./main.tex
(main.tex
LaTeX2e <2023-11-01> patch level 1
L3 programming layer <2024-01-04>

(C:\Users\Allycia\AppData\Local\Programs\MiKTeX\tex/latex/ieeetran\IEEEtran.cls
Document Class: IEEEtran 2015/08/26 V1.8b by Michael Shell
-- See the "IEEEtran_HOWTO" manual for usage information.
-- http://www.michaelshell.org/tex/ieeetran/
\@IEEEtrantmpdimenA=\dimen140
\@IEEEtrantmpdimenB=\dimen141
\@IEEEtrantmpdimenC=\dimen142
\@IEEEtrantmpcountA=\count187
\@IEEEtrantmpcountB=\count188
\@IEEEtrantmpcountC=\count189
\@IEEEtrantmptoksA=\toks17
LaTeX Font Info:    Trying to load font information for OT1+ptm on input line 5
03.
(C:\Users\Allycia\AppData\Local\Programs\MiKTeX\tex/latex/psnfss\ot1ptm.fd
File: ot1ptm.fd 2001/06/04 font definitions for OT1/ptm.
)
-- Using 8.5in x 11in (letter) paper.
-- Using PDF output.
\@IEEEnormalsizeunitybaselineskip=\dimen143
-- This is a 10 point document.
\CLASSINFOnormalsizebaselineskip=\dimen144
\CLASSINFOnormalsizeunitybaselineskip=\dimen145
\IEEEnormaljot=\dimen146
LaTeX Font Info:    Font shape `OT1/ptm/bx/n' in size <5> not available
(Font)              Font shape `OT1/ptm/b/n' tried instead on input line 1090.
LaTeX Font Info:    Font shape `OT1/ptm/bx/it' in size <5> not available
(Font)              Font shape `OT1/ptm/b/it' tried instead on input line 1090.

LaTeX Font Info:    Font shape `OT1/ptm/bx/n' in size <7> not available
(Font)              Font shape `OT1/ptm/b/n' tried instead on input line 1090.
LaTeX Font Info:    Font shape `OT1/ptm/bx/it' in size <7> not available
(Font)              Font shape `OT1/ptm/b/it' tried instead on input line 1090.

LaTeX Font Info:    Font shape `OT1/ptm/bx/n' in size <8> not available
(Font)              Font shape `OT1/ptm/b/n' tried instead on input line 1090.
LaTeX Font Info:    Font shape `OT1/ptm/bx/it' in size <8> not available
(Font)              Font shape `OT1/ptm/b/it' tried instead on input line 1090.

LaTeX Font Info:    Font shape `OT1/ptm/bx/n' in size <9> not available
(Font)              Font shape `OT1/ptm/b/n' tried instead on input line 1090.
LaTeX Font Info:    Font shape `OT1/ptm/bx/it' in size <9> not available
(Font)              Font shape `OT1/ptm/b/it' tried instead on input line 1090.

LaTeX Font Info:    Font shape `OT1/ptm/bx/n' in size <10> not available
(Font)              Font shape `OT1/ptm/b/n' tried instead on input line 1090.
LaTeX Font Info:    Font shape `OT1/ptm/bx/it' in size <10> not available
(Font)              Font shape `OT1/ptm/b/it' tried instead on input line 1090.

LaTeX Font Info:    Font shape `OT1/ptm/bx/n' in size <11> not available
(Font)              Font shape `OT1/ptm/b/n' tried instead on input line 1090.
LaTeX Font Info:    Font shape `OT1/ptm/bx/it' in size <11> not available
(Font)              Font shape `OT1/ptm/b/it' tried instead on input line 1090.

LaTeX Font Info:    Font shape `OT1/ptm/bx/n' in size <12> not available
(Font)              Font shape `OT1/ptm/b/n' tried instead on input line 1090.
LaTeX Font Info:    Font shape `OT1/ptm/bx/it' in size <12> not available
(Font)              Font shape `OT1/ptm/b/it' tried instead on input line 1090.

LaTeX Font Info:    Font shape `OT1/ptm/bx/n' in size <17> not available
(Font)              Font shape `OT1/ptm/b/n' tried instead on input line 1090.
LaTeX Font Info:    Font shape `OT1/ptm/bx/it' in size <17> not available
(Font)              Font shape `OT1/ptm/b/it' tried instead on input line 1090.

LaTeX Font Info:    Font shape `OT1/ptm/bx/n' in size <20> not available
(Font)              Font shape `OT1/ptm/b/n' tried instead on input line 1090.
LaTeX Font Info:    Font shape `OT1/ptm/bx/it' in size <20> not available
(Font)              Font shape `OT1/ptm/b/it' tried instead on input line 1090.

LaTeX Font Info:    Font shape `OT1/ptm/bx/n' in size <24> not available
(Font)              Font shape `OT1/ptm/b/n' tried instead on input line 1090.
LaTeX Font Info:    Font shape `OT1/ptm/bx/it' in size <24> not available
(Font)              Font shape `OT1/ptm/b/it' tried instead on input line 1090.

\IEEEquantizedlength=\dimen147
\IEEEquantizedlengthdiff=\dimen148
\IEEEquantizedtextheightdiff=\dimen149
\IEEEilabelindentA=\dimen150
\IEEEilabelindentB=\dimen151
\IEEEilabelindent=\dimen152
\IEEEelabelindent=\dimen153
\IEEEdlabelindent=\dimen154
\IEEElabelindent=\dimen155
\IEEEiednormlabelsep=\dimen156
\IEEEiedmathlabelsep=\dimen157
\IEEEiedtopsep=\skip48
\c@section=\count190
\c@subsection=\count191
\c@subsubsection=\count192
\c@paragraph=\count193
\c@IEEEsubequation=\count194
\abovecaptionskip=\skip49
\belowcaptionskip=\skip50
\c@figure=\count195
\c@table=\count196
\@IEEEeqnnumcols=\count197
\@IEEEeqncolcnt=\count198
\@IEEEsubeqnnumrollback=\count199
\@IEEEquantizeheightA=\dimen158
\@IEEEquantizeheightB=\dimen159
\@IEEEquantizeheightC=\dimen160
\@IEEEquantizeprevdepth=\dimen161
\@IEEEquantizemultiple=\count266
\@IEEEquantizeboxA=\box51
\@IEEEtmpitemindent=\dimen162
\IEEEPARstartletwidth=\dimen163
\c@IEEEbiography=\count267
\@IEEEtranrubishbin=\box52
)
** ATTENTION: Overriding command lockouts (line 2).
(C:\Users\Allycia\AppData\Local\Programs\MiKTeX\tex/latex/cite\cite.sty
LaTeX Info: Redefining \cite on input line 302.
LaTeX Info: Redefining \nocite on input line 332.
Package: cite 2015/02/27  v 5.5
)
(C:\Users\Allycia\AppData\Local\Programs\MiKTeX\tex/latex/amsmath\amsmath.sty
Package: amsmath 2023/05/13 v2.17o AMS math features
\@mathmargin=\skip51

For additional information on amsmath, use the `?' option.
(C:\Users\Allycia\AppData\Local\Programs\MiKTeX\tex/latex/amsmath\amstext.sty
Package: amstext 2021/08/26 v2.01 AMS text

(C:\Users\Allycia\AppData\Local\Programs\MiKTeX\tex/latex/amsmath\amsgen.sty
File: amsgen.sty 1999/11/30 v2.0 generic functions
\@emptytoks=\toks18
\ex@=\dimen164
))
(C:\Users\Allycia\AppData\Local\Programs\MiKTeX\tex/latex/amsmath\amsbsy.sty
Package: amsbsy 1999/11/29 v1.2d Bold Symbols
\pmbraise@=\dimen165
)
(C:\Users\Allycia\AppData\Local\Programs\MiKTeX\tex/latex/amsmath\amsopn.sty
Package: amsopn 2022/04/08 v2.04 operator names
)
\inf@bad=\count268
LaTeX Info: Redefining \frac on input line 234.
\uproot@=\count269
\leftroot@=\count270
LaTeX Info: Redefining \overline on input line 399.
LaTeX Info: Redefining \colon on input line 410.
\classnum@=\count271
\DOTSCASE@=\count272
LaTeX Info: Redefining \ldots on input line 496.
LaTeX Info: Redefining \dots on input line 499.
LaTeX Info: Redefining \cdots on input line 620.
\Mathstrutbox@=\box53
\strutbox@=\box54
LaTeX Info: Redefining \big on input line 722.
LaTeX Info: Redefining \Big on input line 723.
LaTeX Info: Redefining \bigg on input line 724.
LaTeX Info: Redefining \Bigg on input line 725.
\big@size=\dimen166
LaTeX Font Info:    Redeclaring font encoding OML on input line 743.
LaTeX Font Info:    Redeclaring font encoding OMS on input line 744.
\macc@depth=\count273
LaTeX Info: Redefining \bmod on input line 905.
LaTeX Info: Redefining \pmod on input line 910.
LaTeX Info: Redefining \smash on input line 940.
LaTeX Info: Redefining \relbar on input line 970.
LaTeX Info: Redefining \Relbar on input line 971.
\c@MaxMatrixCols=\count274
\dotsspace@=\muskip16
\c@parentequation=\count275
\dspbrk@lvl=\count276
\tag@help=\toks19
\row@=\count277
\column@=\count278
\maxfields@=\count279
\andhelp@=\toks20
\eqnshift@=\dimen167
\alignsep@=\dimen168
\tagshift@=\dimen169
\tagwidth@=\dimen170
\totwidth@=\dimen171
\lineht@=\dimen172
\@envbody=\toks21
\multlinegap=\skip52
\multlinetaggap=\skip53
\mathdisplay@stack=\toks22
LaTeX Info: Redefining \[ on input line 2953.
LaTeX Info: Redefining \] on input line 2954.
)
(C:\Users\Allycia\AppData\Local\Programs\MiKTeX\tex/latex/amsfonts\amssymb.sty
Package: amssymb 2013/01/14 v3.01 AMS font symbols

(C:\Users\Allycia\AppData\Local\Programs\MiKTeX\tex/latex/amsfonts\amsfonts.sty
Package: amsfonts 2013/01/14 v3.01 Basic AMSFonts support
\symAMSa=\mathgroup4
\symAMSb=\mathgroup5
LaTeX Font Info:    Redeclaring math symbol \hbar on input line 98.
LaTeX Font Info:    Overwriting math alphabet `\mathfrak' in version `bold'
(Font)                  U/euf/m/n --> U/euf/b/n on input line 106.
))
(C:\Users\Allycia\AppData\Local\Programs\MiKTeX\tex/latex/algorithms\algorithmi
c.sty
Package: algorithmic 2009/08/24 v0.1 Document Style `algorithmic'
 (C:\Users\Allycia\AppData\Local\Programs\MiKTeX\tex/latex/base\ifthen.sty
Package: ifthen 2022/04/13 v1.1d Standard LaTeX ifthen package (DPC)
) (C:\Users\Allycia\AppData\Local\Programs\MiKTeX\tex/latex/graphics\keyval.sty
Package: keyval 2022/05/29 v1.15 key=value parser (DPC)
\KV@toks@=\toks23
)
\c@ALC@unique=\count280
\c@ALC@line=\count281
\c@ALC@rem=\count282
\c@ALC@depth=\count283
\ALC@tlm=\skip54
\algorithmicindent=\skip55
)
(C:\Users\Allycia\AppData\Local\Programs\MiKTeX\tex/latex/graphics\graphicx.sty
Package: graphicx 2021/09/16 v1.2d Enhanced LaTeX Graphics (DPC,SPQR)

(C:\Users\Allycia\AppData\Local\Programs\MiKTeX\tex/latex/graphics\graphics.sty
Package: graphics 2022/03/10 v1.4e Standard LaTeX Graphics (DPC,SPQR)
(C:\Users\Allycia\AppData\Local\Programs\MiKTeX\tex/latex/graphics\trig.sty
Package: trig 2021/08/11 v1.11 sin cos tan (DPC)
)
(C:\Users\Allycia\AppData\Local\Programs\MiKTeX\tex/latex/graphics-cfg\graphics
.cfg
File: graphics.cfg 2016/06/04 v1.11 sample graphics configuration
)
Package graphics Info: Driver file: pdftex.def on input line 107.

(C:\Users\Allycia\AppData\Local\Programs\MiKTeX\tex/latex/graphics-def\pdftex.d
ef
File: pdftex.def 2022/09/22 v1.2b Graphics/color driver for pdftex
))
\Gin@req@height=\dimen173
\Gin@req@width=\dimen174
)
(C:\Users\Allycia\AppData\Local\Programs\MiKTeX\tex/latex/base\textcomp.sty
Package: textcomp 2020/02/02 v2.0n Standard LaTeX package
)
(C:\Users\Allycia\AppData\Local\Programs\MiKTeX\tex/latex/xcolor\xcolor.sty
Package: xcolor 2023/11/15 v3.01 LaTeX color extensions (UK)

(C:\Users\Allycia\AppData\Local\Programs\MiKTeX\tex/latex/graphics-cfg\color.cf
g
File: color.cfg 2016/01/02 v1.6 sample color configuration
)
Package xcolor Info: Driver file: pdftex.def on input line 274.

(C:\Users\Allycia\AppData\Local\Programs\MiKTeX\tex/latex/graphics\mathcolor.lt
x)
Package xcolor Info: Model `cmy' substituted by `cmy0' on input line 1350.
Package xcolor Info: Model `hsb' substituted by `rgb' on input line 1354.
Package xcolor Info: Model `RGB' extended on input line 1366.
Package xcolor Info: Model `HTML' substituted by `rgb' on input line 1368.
Package xcolor Info: Model `Hsb' substituted by `hsb' on input line 1369.
Package xcolor Info: Model `tHsb' substituted by `hsb' on input line 1370.
Package xcolor Info: Model `HSB' substituted by `hsb' on input line 1371.
Package xcolor Info: Model `Gray' substituted by `gray' on input line 1372.
Package xcolor Info: Model `wave' substituted by `hsb' on input line 1373.
)
(C:\Users\Allycia\AppData\Local\Programs\MiKTeX\tex/latex/fancyhdr\fancyhdr.sty
Package: fancyhdr 2022/11/09 v4.1 Extensive control of page headers and footers

\f@nch@headwidth=\skip56
\f@nch@O@elh=\skip57
\f@nch@O@erh=\skip58
\f@nch@O@olh=\skip59
\f@nch@O@orh=\skip60
\f@nch@O@elf=\skip61
\f@nch@O@erf=\skip62
\f@nch@O@olf=\skip63
\f@nch@O@orf=\skip64
) (C:\Users\Allycia\AppData\Local\Programs\MiKTeX\tex/latex/tools\tabularx.sty
Package: tabularx 2023/07/08 v2.11c `tabularx' package (DPC)

(C:\Users\Allycia\AppData\Local\Programs\MiKTeX\tex/latex/tools\array.sty
Package: array 2023/10/16 v2.5g Tabular extension package (FMi)
\col@sep=\dimen175
\ar@mcellbox=\box55
\extrarowheight=\dimen176
\NC@list=\toks24
\extratabsurround=\skip65
\backup@length=\skip66
\ar@cellbox=\box56
)
\TX@col@width=\dimen177
\TX@old@table=\dimen178
\TX@old@col=\dimen179
\TX@target=\dimen180
\TX@delta=\dimen181
\TX@cols=\count284
\TX@ftn=\toks25
)
(C:\Users\Allycia\AppData\Local\Programs\MiKTeX\tex/latex/ragged2e\ragged2e.sty
Package: ragged2e 2023/06/22 v3.6 ragged2e Package
\CenteringLeftskip=\skip67
\RaggedLeftLeftskip=\skip68
\RaggedRightLeftskip=\skip69
\CenteringRightskip=\skip70
\RaggedLeftRightskip=\skip71
\RaggedRightRightskip=\skip72
\CenteringParfillskip=\skip73
\RaggedLeftParfillskip=\skip74
\RaggedRightParfillskip=\skip75
\JustifyingParfillskip=\skip76
\CenteringParindent=\skip77
\RaggedLeftParindent=\skip78
\RaggedRightParindent=\skip79
\JustifyingParindent=\skip80
)
(C:\Users\Allycia\AppData\Local\Programs\MiKTeX\tex/latex/makecell\makecell.sty
Package: makecell 2009/08/03 V0.1e Managing of Tab Column Heads and Cells
\rotheadsize=\dimen182
\c@nlinenum=\count285
\TeXr@lab=\toks26
)
(C:\Users\Allycia\AppData\Local\Programs\MiKTeX\tex/latex/l3backend\l3backend-p
dftex.def
File: l3backend-pdftex.def 2024-01-04 L3 backend support: PDF output (pdfTeX)
\l__color_backend_stack_int=\count286
\l__pdf_internal_box=\box57
) (main.aux)
\openout1 = `main.aux'.

LaTeX Font Info:    Checking defaults for OML/cmm/m/it on input line 39.
LaTeX Font Info:    ... okay on input line 39.
LaTeX Font Info:    Checking defaults for OMS/cmsy/m/n on input line 39.
LaTeX Font Info:    ... okay on input line 39.
LaTeX Font Info:    Checking defaults for OT1/cmr/m/n on input line 39.
LaTeX Font Info:    ... okay on input line 39.
LaTeX Font Info:    Checking defaults for T1/cmr/m/n on input line 39.
LaTeX Font Info:    ... okay on input line 39.
LaTeX Font Info:    Checking defaults for TS1/cmr/m/n on input line 39.
LaTeX Font Info:    ... okay on input line 39.
LaTeX Font Info:    Checking defaults for OMX/cmex/m/n on input line 39.
LaTeX Font Info:    ... okay on input line 39.
LaTeX Font Info:    Checking defaults for U/cmr/m/n on input line 39.
LaTeX Font Info:    ... okay on input line 39.

-- Lines per column: 56 (exact).

(C:\Users\Allycia\AppData\Local\Programs\MiKTeX\tex/context/base/mkii\supp-pdf.
mkii
[Loading MPS to PDF converter (version 2006.09.02).]
\scratchcounter=\count287
\scratchdimen=\dimen183
\scratchbox=\box58
\nofMPsegments=\count288
\nofMParguments=\count289
\everyMPshowfont=\toks27
\MPscratchCnt=\count290
\MPscratchDim=\dimen184
\MPnumerator=\count291
\makeMPintoPDFobject=\count292
\everyMPtoPDFconversion=\toks28
)
(C:\Users\Allycia\AppData\Local\Programs\MiKTeX\tex/latex/epstopdf-pkg\epstopdf
-base.sty
Package: epstopdf-base 2020-01-24 v2.11 Base part for package epstopdf
Package epstopdf-base Info: Redefining graphics rule for `.eps' on input line 4
85.

(C:\Users\Allycia\AppData\Local\Programs\MiKTeX\tex/latex/00miktex\epstopdf-sys
.cfg
File: epstopdf-sys.cfg 2021/03/18 v2.0 Configuration of epstopdf for MiKTeX
))
LaTeX Font Info:    Trying to load font information for U+msa on input line 82.


(C:\Users\Allycia\AppData\Local\Programs\MiKTeX\tex/latex/amsfonts\umsa.fd
File: umsa.fd 2013/01/14 v3.01 AMS symbols A
)
LaTeX Font Info:    Trying to load font information for U+msb on input line 82.


(C:\Users\Allycia\AppData\Local\Programs\MiKTeX\tex/latex/amsfonts\umsb.fd
File: umsb.fd 2013/01/14 v3.01 AMS symbols B
)
[1{C:/Users/Allycia/AppData/Local/MiKTeX/fonts/map/pdftex/pdftex.map}{C:/Users/
Allycia/AppData/Local/Programs/MiKTeX/fonts/enc/dvips/base/8r.enc}


]
Underfull \hbox (badness 1406) in paragraph at lines 122--123
[]\OT1/ptm/m/n/10 Selain itu, MVVM memu-ngkinkan pengem-bang un-tuk
 []

[2]
Underfull \hbox (badness 1997) in paragraph at lines 190--191
\OT1/ptm/m/n/10 per-bandin-gan per-forma an-tara pola ar-sitek-tur MVP dan
 []


Underfull \hbox (badness 2443) in paragraph at lines 192--193
[]\OT1/ptm/m/n/10 Kemudian, pengumpu-lan data di-lakukan den-gan studi
 []

[3]
Underfull \hbox (badness 5431) in paragraph at lines 207--208
[]\OT1/ptm/m/n/10 Kelas Pre-sen-ter mengim-ple-men-tasikan IPresen-ter dan
 []

<../uml/mvp_diagram.png, id=16, 517.935pt x 523.9575pt>
File: ../uml/mvp_diagram.png Graphic file (type png)
<use ../uml/mvp_diagram.png>
Package pdftex.def Info: ../uml/mvp_diagram.png  used on input line 211.
(pdftex.def)             Requested size: 258.0pt x 261.01071pt.

Overfull \hbox (6.0pt too wide) in paragraph at lines 211--212
 [][] 
 []

<../uml/mvp_sequence.png, id=17, 1180.41pt x 1240.635pt>
File: ../uml/mvp_sequence.png Graphic file (type png)
<use ../uml/mvp_sequence.png>
Package pdftex.def Info: ../uml/mvp_sequence.png  used on input line 221.
(pdftex.def)             Requested size: 258.0pt x 271.16107pt.

Overfull \hbox (6.0pt too wide) in paragraph at lines 221--222
 [][] 
 []

[4 <../uml/mvp_diagram.png (PNG copy)> <../uml/mvp_sequence.png (PNG copy)>]
<../uml/mvvm_class.png, id=21, 1652.1725pt x 1094.0875pt>
File: ../uml/mvvm_class.png Graphic file (type png)
<use ../uml/mvvm_class.png>
Package pdftex.def Info: ../uml/mvvm_class.png  used on input line 242.
(pdftex.def)             Requested size: 258.0pt x 170.85059pt.

Overfull \hbox (6.0pt too wide) in paragraph at lines 242--243
 [][] 
 []

<../uml/mvvm_sequence.png, id=22, 837.1275pt x 815.045pt>
File: ../uml/mvvm_sequence.png Graphic file (type png)
<use ../uml/mvvm_sequence.png>
Package pdftex.def Info: ../uml/mvvm_sequence.png  used on input line 254.
(pdftex.def)             Requested size: 258.0pt x 251.19382pt.

Overfull \hbox (6.0pt too wide) in paragraph at lines 254--255
 [][] 
 []


Underfull \vbox (badness 10000) has occurred while \output is active []


Underfull \hbox (badness 1975) in paragraph at lines 270--271
\OT1/ptm/m/n/10 da-pat JSpin-ner yang di-ta-mpilkan pada peng-guna. Ke-las
 []

[5 <../uml/mvvm_class.png (PNG copy)> <../uml/mvvm_sequence.png (PNG copy)>]
Underfull \hbox (badness 10000) in paragraph at lines 293--294
[]\OT1/ptm/m/n/10 Secara ke-selu-ruhan, ke-dua ar-sitek-tur me-nun-jukkan
 []


Underfull \hbox (badness 1490) in paragraph at lines 293--294
\OT1/ptm/m/n/10 pen-ingkatan peng-gu-naan mem-ori yang sig-nifikan den-gan
 []

<../mvc-mvp-mvvm-main/mvc-mvp-mvvm/plot_spin_total_memory.pdf, id=26, 1185.8083
5pt x 631.02628pt>
File: ../mvc-mvp-mvvm-main/mvc-mvp-mvvm/plot_spin_total_memory.pdf Graphic file
 (type pdf)
<use ../mvc-mvp-mvvm-main/mvc-mvp-mvvm/plot_spin_total_memory.pdf>
Package pdftex.def Info: ../mvc-mvp-mvvm-main/mvc-mvp-mvvm/plot_spin_total_memo
ry.pdf  used on input line 297.
(pdftex.def)             Requested size: 258.0pt x 137.29524pt.

Overfull \hbox (6.0pt too wide) in paragraph at lines 297--298
 [][] 
 []

<../mvc-mvp-mvvm-main/mvc-mvp-mvvm/plot_spin_total_time.pdf, id=27, 1201.75856p
t x 631.02628pt>
File: ../mvc-mvp-mvvm-main/mvc-mvp-mvvm/plot_spin_total_time.pdf Graphic file (
type pdf)
<use ../mvc-mvp-mvvm-main/mvc-mvp-mvvm/plot_spin_total_time.pdf>
Package pdftex.def Info: ../mvc-mvp-mvvm-main/mvc-mvp-mvvm/plot_spin_total_time
.pdf  used on input line 313.
(pdftex.def)             Requested size: 258.0pt x 135.46579pt.

Overfull \hbox (6.0pt too wide) in paragraph at lines 313--314
 [][] 
 []


Underfull \vbox (badness 1019) has occurred while \output is active []

 [6 <../mvc-mvp-mvvm-main/mvc-mvp-mvvm/plot_spin_total_memory.pdf>]
Underfull \hbox (badness 4013) in paragraph at lines 323--324
[]\OT1/ptm/m/n/10 Walaupun ke-dua pola ar-sitek-tur memi-liki tren yang
 []

<../mvc-mvp-mvvm-main/mvc-mvp-mvvm/plot_view_total_memory.pdf, id=73, 1185.8083
5pt x 631.02628pt>
File: ../mvc-mvp-mvvm-main/mvc-mvp-mvvm/plot_view_total_memory.pdf Graphic file
 (type pdf)
<use ../mvc-mvp-mvvm-main/mvc-mvp-mvvm/plot_view_total_memory.pdf>
Package pdftex.def Info: ../mvc-mvp-mvvm-main/mvc-mvp-mvvm/plot_view_total_memo
ry.pdf  used on input line 327.
(pdftex.def)             Requested size: 258.0pt x 137.29524pt.

Overfull \hbox (6.0pt too wide) in paragraph at lines 327--328
 [][] 
 []

<../mvc-mvp-mvvm-main/mvc-mvp-mvvm/plot_view_total_time.pdf, id=74, 1201.75856p
t x 631.02628pt>
File: ../mvc-mvp-mvvm-main/mvc-mvp-mvvm/plot_view_total_time.pdf Graphic file (
type pdf)
<use ../mvc-mvp-mvvm-main/mvc-mvp-mvvm/plot_view_total_time.pdf>
Package pdftex.def Info: ../mvc-mvp-mvvm-main/mvc-mvp-mvvm/plot_view_total_time
.pdf  used on input line 343.
(pdftex.def)             Requested size: 258.0pt x 135.46579pt.

Overfull \hbox (6.0pt too wide) in paragraph at lines 343--344
 [][] 
 []

(main.bbl
Underfull \hbox (badness 10000) in paragraph at lines 31--36
\OT1/ptm/m/n/8 Ros-alba, GONZ[]ALEZ-MART[]INEZ, Blanca Areli, ALDANA-
 []


Underfull \hbox (badness 1622) in paragraph at lines 31--36
\OT1/ptm/m/n/8 HERRERA, and Jonathan.  Pro-ces-sor and mem-ory per-for-mance
 []


! LaTeX Error: Unicode character   (U+202F)
               not set up for use with LaTeX.

See the LaTeX manual or LaTeX Companion for explanation.
Type  H <return>  for immediate help.
 ...                                              
                                                  
l.49 \newblock {\em JITSI 
                            : Jurnal Ilmiah Teknologi Sistem Informasi},
You may provide a definition with
\DeclareUnicodeCharacter 


Underfull \hbox (badness 5431) in paragraph at lines 59--64
[]\OT1/ptm/m/n/8 Firmansyah Fir-daus An-har, Made Hanin-dia Prami Swari, and
 []

[7 <../mvc-mvp-mvvm-main/mvc-mvp-mvvm/plot_spin_total_time.pdf> <../mvc-mvp-mvv
m-main/mvc-mvp-mvvm/plot_view_total_memory.pdf> <../mvc-mvp-mvvm-main/mvc-mvp-m
vvm/plot_view_total_time.pdf>])

** Conference Paper **
Before submitting the final camera ready copy, remember to:

 1. Manually equalize the lengths of two columns on the last page
 of your paper;

 2. Ensure that any PostScript and/or PDF output post-processing
 uses only Type 1 fonts and that every step in the generation
 process uses the appropriate paper size.

[8

] (main.aux)
 ***********
LaTeX2e <2023-11-01> patch level 1
L3 programming layer <2024-01-04>
 ***********
 ) 
Here is how much of TeX's memory you used:
 4832 strings out of 474486
 78345 string characters out of 5742811
 1947542 words of memory out of 5000000
 27061 multiletter control sequences out of 15000+600000
 597338 words of font info for 109 fonts, out of 8000000 for 9000
 1141 hyphenation exceptions out of 8191
 57i,16n,65p,1398b,329s stack positions out of 10000i,1000n,20000p,200000b,200000s
<C:/Users/Allycia/AppData/Local/Programs/MiKTeX/fonts/type1/public/amsfonts/c
m/cmr7.pfb><C:/Users/Allycia/AppData/Local/Programs/MiKTeX/fonts/type1/urw/time
s/utmb8a.pfb><C:/Users/Allycia/AppData/Local/Programs/MiKTeX/fonts/type1/urw/ti
mes/utmbi8a.pfb><C:/Users/Allycia/AppData/Local/Programs/MiKTeX/fonts/type1/urw
/times/utmr8a.pfb><C:/Users/Allycia/AppData/Local/Programs/MiKTeX/fonts/type1/u
rw/times/utmri8a.pfb>
Output written on main.pdf (8 pages, 486185 bytes).
PDF statistics:
 229 PDF objects out of 1000 (max. 8388607)
 0 named destinations out of 1000 (max. 500000)
 41 words of extra memory for PDF output out of 10000 (max. 10000000)

